<?xml version="1.0" encoding="UTF-8" ?>
<testsuite tests="1" failures="0" name="com.pacey.maven.WarTest" time="0.018" errors="0" skipped="0">
  <properties>
    <property name="idea.version" value="2022.3.3"/>
    <property name="java.runtime.name" value="Java(TM) SE Runtime Environment"/>
    <property name="java.vm.version" value="17.0.8+9-LTS-jvmci-23.0-b14"/>
    <property name="sun.boot.library.path" value="E:\graalvm-jdk-17.0.8_windows-x64_bin\graalvm-jdk-17.0.8+9.1\bin"/>
    <property name="maven.multiModuleProjectDirectory" value="E:\Ducuments\IDEAProjects\MavenSelf\maven-web"/>
    <property name="java.vm.vendor" value="Oracle Corporation"/>
    <property name="java.vendor.url" value="https://java.oracle.com/"/>
    <property name="guice.disable.misplaced.annotation.check" value="true"/>
    <property name="path.separator" value=";"/>
    <property name="java.vm.name" value="Java HotSpot(TM) 64-Bit Server VM"/>
    <property name="sun.os.patch.level" value=""/>
    <property name="user.script" value=""/>
    <property name="user.country" value="CN"/>
    <property name="sun.java.launcher" value="SUN_STANDARD"/>
    <property name="java.vm.specification.name" value="Java Virtual Machine Specification"/>
    <property name="user.dir" value="E:\Ducuments\IDEAProjects\MavenSelf\maven-web"/>
    <property name="java.vm.compressedOopsMode" value="Zero based"/>
    <property name="java.runtime.version" value="17.0.8+9-LTS-jvmci-23.0-b14"/>
    <property name="os.arch" value="amd64"/>
    <property name="java.io.tmpdir" value="C:\Users\123\AppData\Local\Temp\"/>
    <property name="line.separator" value="
"/>
    <property name="java.vm.specification.vendor" value="Oracle Corporation"/>
    <property name="user.variant" value=""/>
    <property name="jdk.internal.vm.ci.enabled" value="true"/>
    <property name="os.name" value="Windows 10"/>
    <property name="maven.ext.class.path" value="D:\IntelliJ IDEA 2022.3.3\plugins\maven\lib\maven-event-listener.jar"/>
    <property name="classworlds.conf" value="E:\apache-maven-3.8.8-bin\apache-maven-3.8.8\bin\m2.conf"/>
    <property name="sun.jnu.encoding" value="GBK"/>
    <property name="java.library.path" value="E:\graalvm-jdk-17.0.8_windows-x64_bin\graalvm-jdk-17.0.8+9.1\bin;C:\WINDOWS\Sun\Java\bin;C:\WINDOWS\system32;C:\WINDOWS;C:\Windows\System64;E:\graalvm-jdk-17.0.8_windows-x64_bin\graalvm-jdk-17.0.8+9.1\bin;E:\apache-tomcat-11.0.0-M4-windows-x64\apache-tomcat-11.0.0-M4\bin;D:\VMware17\VMware Workstation\bin\;D:\PythonProject\venv\Scripts;C:\Program Files (x86)\Common Files\Intel\Shared Libraries\redist\intel64\compiler;c:\program files\microsoft mpi\bin\;c:\program files (x86)\common files\oracle\java\javapath;c:\programdata\oracle\java\javapath;c:\windows\system32;c:\windows;c:\windows\system32\wbem;c:\windows\system32\windowspowershell\v1.0\;c:\windows\system32\openssh\;d:\sql server 2019\share(×86)\150\tools\binn\;\sql server 2019\share\150\tools\binn\;d:\sql server 2019\share\150\dts\binn\;d:\sql server 2019\share\client sdk\odbc\170\tools\binn\;d:\sql server\microsoft sql server3\150\tools\binn\;d:\sql server 2019\share(×86)\150\dts\binn\;\program files\azure data studio\bin;c:\program files\dotnet\;d:\sql server 2019\share\130\tools\binn\;c:\program files (x86)\dotnet\;c:\program files (x86)\nvidia corporation\physx\common;c:\program files\calibre2\;\;ATLAB71\bin\win32;E:\apache-tomcat-11.0.0-M4-windows-x64\apache-tomcat-11.0.0-M4\bin;C:\Program Files (x86)\Intel\Intel(R) Management Engine Components\DAL;C:\Program Files\Intel\Intel(R) Management Engine Components\DAL;C:\Users\123\AppData\Local\Google\Chrome\Application\;D:\Bandizip\;D:\nasm-2.16.02rc1-win64\nasm-2.16.02rc1\;D:\MySQL\MySQL Server 8.0\bin;D:\MySQL\MySQL Server 5.7\bin\;D:\dotnet\;E:\apache-maven-3.8.8-bin\apache-maven-3.8.8\bin;E:\apache-maven-3.9.1-bin\apache-maven-3.9.1\bin;D:\Git\cmd;C:\Users\123\AppData\Local\Programs\Python\Python310\Scripts\;C:\Users\123\AppData\Local\Programs\Python\Python310\;D:\Microsoft VS Code\bin;."/>
    <property name="jansi.passthrough" value="true"/>
    <property name="maven.conf" value="E:\apache-maven-3.8.8-bin\apache-maven-3.8.8/conf"/>
    <property name="jdk.debug" value="release"/>
    <property name="java.class.version" value="61.0"/>
    <property name="java.specification.name" value="Java Platform API Specification"/>
    <property name="sun.management.compiler" value="HotSpot 64-Bit Tiered Compilers"/>
    <property name="os.version" value="10.0"/>
    <property name="user.home" value="C:\Users\123"/>
    <property name="user.timezone" value="Asia/Shanghai"/>
    <property name="file.encoding" value="UTF-8"/>
    <property name="java.specification.version" value="17"/>
    <property name="user.name" value="123"/>
    <property name="java.class.path" value="E:\apache-maven-3.8.8-bin\apache-maven-3.8.8\boot\plexus-classworlds-2.6.0.jar;E:\apache-maven-3.8.8-bin\apache-maven-3.8.8\boot\plexus-classworlds.license"/>
    <property name="java.vm.specification.version" value="17"/>
    <property name="sun.arch.data.model" value="64"/>
    <property name="sun.java.command" value="org.codehaus.classworlds.Launcher -Didea.version=2022.3.3 -s E:\apache-maven-3.8.8-bin\apache-maven-3.8.8\conf\settings.xml package"/>
    <property name="java.home" value="E:\graalvm-jdk-17.0.8_windows-x64_bin\graalvm-jdk-17.0.8+9.1"/>
    <property name="user.language" value="zh"/>
    <property name="java.specification.vendor" value="Oracle Corporation"/>
    <property name="java.vm.info" value="mixed mode, sharing"/>
    <property name="java.version" value="17.0.8"/>
    <property name="native.encoding" value="GBK"/>
    <property name="java.vendor" value="Oracle Corporation"/>
    <property name="maven.home" value="E:\apache-maven-3.8.8-bin\apache-maven-3.8.8"/>
    <property name="file.separator" value="\"/>
    <property name="java.version.date" value="2023-07-18"/>
    <property name="java.vendor.url.bug" value="https://bugreport.java.com/bugreport/"/>
    <property name="sun.io.unicode.encoding" value="UnicodeLittle"/>
    <property name="sun.cpu.endian" value="little"/>
    <property name="java.vendor.version" value="Oracle GraalVM 17.0.8+9.1"/>
    <property name="sun.cpu.isalist" value="amd64"/>
  </properties>
  <testcase classname="com.pacey.maven.WarTest" name="com.pacey.maven.WarTest.testWar" time="0.018"/>
</testsuite>